<?xml version="1.0" encoding="UTF-8"?>
<!-- Generated by org.testng.reporters.JUnitXMLReporter -->
<testsuite hostname="IN1-1024812LT" ignored="2" name="Default test" tests="1" failures="0" timestamp="27 Feb 2019 09:40:27 GMT" time="17.063" errors="0">
  <testcase name="FreeCRMLogin" time="17.042" classname="com.qa.hs.keyword.tests.LoginTest"/>
  <testcase name="loginTestScenario" time="0.0" classname="com.qa.hs.keyword.tests.LoginTest">
    <ignored/>
  </testcase> <!-- loginTestScenario -->
  <testcase name="signUpTestScenario" time="0.0" classname="com.qa.hs.keyword.tests.LoginTest">
    <ignored/>
  </testcase> <!-- signUpTestScenario -->
</testsuite> <!-- Default test -->
