<?xml version="1.0" encoding="UTF-8"?>
<testng-results skipped="0" failed="0" ignored="2" total="3" passed="1">
  <reporter-output>
  </reporter-output>
  <suite name="Default suite" duration-ms="17063" started-at="2019-02-27T09:40:10Z" finished-at="2019-02-27T09:40:27Z">
    <groups>
    </groups>
    <test name="Default test" duration-ms="17063" started-at="2019-02-27T09:40:10Z" finished-at="2019-02-27T09:40:27Z">
      <class name="com.qa.hs.keyword.tests.LoginTest">
        <test-method status="PASS" signature="FreeCRMLogin()[pri:0, instance:com.qa.hs.keyword.tests.LoginTest@7ce6a65d]" name="FreeCRMLogin" duration-ms="17042" started-at="2019-02-27T09:40:10Z" finished-at="2019-02-27T09:40:27Z">
          <reporter-output>
          </reporter-output>
        </test-method> <!-- FreeCRMLogin -->
      </class> <!-- com.qa.hs.keyword.tests.LoginTest -->
    </test> <!-- Default test -->
  </suite> <!-- Default suite -->
</testng-results>
